Reading netlist file: "C:\Users\MonkPC\workspaces\FPGA\Gowin\TangNano9K\LushayLabs\ex13\hdmi_edid\impl\gwsynthesis\hdmi_edid.vg"
Parsing netlist file "C:\Users\MonkPC\workspaces\FPGA\Gowin\TangNano9K\LushayLabs\ex13\hdmi_edid\impl\gwsynthesis\hdmi_edid.vg" completed
Processing netlist completed
Reading constraint file: "C:\Users\MonkPC\workspaces\FPGA\Gowin\TangNano9K\LushayLabs\ex13\hdmi_edid\constr\pinning_TankPrimer9K.cst"
Physical Constraint parsed completed
Running placement......
[10%] Placement Phase 0 completed
[20%] Placement Phase 1 completed
[30%] Placement Phase 2 completed
[50%] Placement Phase 3 completed
Running routing......
[60%] Routing Phase 0 completed
[70%] Routing Phase 1 completed
[80%] Routing Phase 2 completed
[90%] Routing Phase 3 completed
Running timing analysis......
[95%] Timing analysis completed
Placement and routing completed
Bitstream generation in progress......
Bitstream generation completed
Running power analysis......
[100%] Power analysis completed
Generate file "C:\Users\MonkPC\workspaces\FPGA\Gowin\TangNano9K\LushayLabs\ex13\hdmi_edid\impl\pnr\hdmi_edid.power.html" completed
Generate file "C:\Users\MonkPC\workspaces\FPGA\Gowin\TangNano9K\LushayLabs\ex13\hdmi_edid\impl\pnr\hdmi_edid.pin.html" completed
Generate file "C:\Users\MonkPC\workspaces\FPGA\Gowin\TangNano9K\LushayLabs\ex13\hdmi_edid\impl\pnr\hdmi_edid.rpt.html" completed
Generate file "C:\Users\MonkPC\workspaces\FPGA\Gowin\TangNano9K\LushayLabs\ex13\hdmi_edid\impl\pnr\hdmi_edid.rpt.txt" completed
Generate file "C:\Users\MonkPC\workspaces\FPGA\Gowin\TangNano9K\LushayLabs\ex13\hdmi_edid\impl\pnr\hdmi_edid.tr.html" completed
Sat Nov 29 23:43:11 2025

