Reading netlist file: "C:\Users\MonkPC\workspaces\FPGA\Gowin\TangNano9K\LushayLabs\ex12_hub75\hub75\impl\gwsynthesis\hub75.vg"
Parsing netlist file "C:\Users\MonkPC\workspaces\FPGA\Gowin\TangNano9K\LushayLabs\ex12_hub75\hub75\impl\gwsynthesis\hub75.vg" completed
Processing netlist completed
Reading constraint file: "C:\Users\MonkPC\workspaces\FPGA\Gowin\TangNano9K\LushayLabs\ex12_hub75\hub75\constraints\pinning_TankPrimer9K.cst"
Physical Constraint parsed completed
Running placement......
[10%] Placement Phase 0 completed
[20%] Placement Phase 1 completed
[30%] Placement Phase 2 completed
WARN  (TA1132) :  'clk_master' was determined to be a clock but was not created.
WARN  (TA1132) :  'ADDR_d[4]' was determined to be a clock but was not created.
[50%] Placement Phase 3 completed
Running routing......
[60%] Routing Phase 0 completed
[70%] Routing Phase 1 completed
[80%] Routing Phase 2 completed
[90%] Routing Phase 3 completed
Running timing analysis......
[95%] Timing analysis completed
Placement and routing completed
Bitstream generation in progress......
Bitstream generation completed
Running power analysis......
[100%] Power analysis completed
Generate file "C:\Users\MonkPC\workspaces\FPGA\Gowin\TangNano9K\LushayLabs\ex12_hub75\hub75\impl\pnr\hub75.power.html" completed
Generate file "C:\Users\MonkPC\workspaces\FPGA\Gowin\TangNano9K\LushayLabs\ex12_hub75\hub75\impl\pnr\hub75.pin.html" completed
Generate file "C:\Users\MonkPC\workspaces\FPGA\Gowin\TangNano9K\LushayLabs\ex12_hub75\hub75\impl\pnr\hub75.rpt.html" completed
Generate file "C:\Users\MonkPC\workspaces\FPGA\Gowin\TangNano9K\LushayLabs\ex12_hub75\hub75\impl\pnr\hub75.rpt.txt" completed
Generate file "C:\Users\MonkPC\workspaces\FPGA\Gowin\TangNano9K\LushayLabs\ex12_hub75\hub75\impl\pnr\hub75.tr.html" completed
Mon Sep  8 01:26:00 2025

